Release 14.7 - ngc2edif P.20131013 (lin64)
Copyright (c) 1995-2013 Xilinx, Inc.  All rights reserved.
Reading design top_module.ngc ...
WARNING:NetListWriters:298 - No output is written to top_module.xncf, ignored.
Processing design ...
   Preping design's networks ...
   Preping design's macros ...
  finished :Prep
Writing EDIF netlist file top_module.edif ...
ngc2edif: Total memory usage is 103788 kilobytes

Release 14.7 - ngc2edif P.20131013 (lin64)
Copyright (c) 1995-2013 Xilinx, Inc.  All rights reserved.
Reading design top_module.ngc ...
WARNING:NetListWriters:298 - No output is written to top_module.xncf, ignored.
Processing design ...
   Preping design's networks ...
   Preping design's macros ...
  finished :Prep
Writing EDIF netlist file top_module.edif ...
ngc2edif: Total memory usage is 103856 kilobytes

Release 14.7 - ngc2edif P.20131013 (lin64)
Copyright (c) 1995-2013 Xilinx, Inc.  All rights reserved.
Reading design top_module.ngc ...
WARNING:NetListWriters:298 - No output is written to top_module.xncf, ignored.
Processing design ...
   Preping design's networks ...
   Preping design's macros ...
WARNING:NetListWriters:306 - Signal bus Mcompar_color_reg_cmp_le0003_lut<9 : 0>
   on block top_module is not reconstructed, because there are some missing bus
   signals.
WARNING:NetListWriters:306 - Signal bus Mcompar_color_reg_cmp_le0005_lut<9 : 0>
   on block top_module is not reconstructed, because there are some missing bus
   signals.
  finished :Prep
Writing EDIF netlist file top_module.edif ...
ngc2edif: Total memory usage is 104288 kilobytes

